<?xml version="1.0" encoding="UTF-8"?>
<!-- Generated by org.testng.reporters.JUnitReportReporter -->
<testsuite hostname="DESKTOP-5KQFPQD" failures="0" tests="2" name="testcases.ProductDataDrivenTest" time="3.519" errors="0" timestamp="2025-04-27T22:57:14 IST" skipped="0">
  <testcase classname="testcases.ProductDataDrivenTest" name="testAddNewProduct" time="1.759"/>
  <testcase classname="testcases.ProductDataDrivenTest" name="testAddNewProduct" time="1.760"/>
</testsuite> <!-- testcases.ProductDataDrivenTest -->
