<?xml version="1.0" encoding="UTF-8"?>
<!-- Generated by org.testng.reporters.JUnitReportReporter -->
<testsuite hostname="DESKTOP-5KQFPQD" failures="0" tests="2" name="testcases.LoginTest" time="2.855" errors="0" timestamp="2025-05-19T00:01:57 IST" skipped="0">
  <testcase classname="testcases.LoginTest" name="testValidUserLogin" time="1.155"/>
  <testcase classname="testcases.LoginTest" name="testInvalidUserLogin" time="1.700"/>
</testsuite> <!-- testcases.LoginTest -->
