<?xml version="1.0" encoding="UTF-8"?>
<!-- Generated by org.testng.reporters.JUnitReportReporter -->
<testsuite hostname="TDLPHP473" failures="0" tests="2" name="testcases.LoginTest" time="2.519" errors="0" timestamp="2025-05-18T23:35:56 IST" skipped="0">
  <testcase classname="testcases.LoginTest" name="testInvalidUserLogin" time="1.414"/>
  <testcase classname="testcases.LoginTest" name="testValidUserLogin" time="1.105"/>
</testsuite> <!-- testcases.LoginTest -->
