<?xml version="1.0" encoding="UTF-8"?>
<!-- Generated by org.testng.reporters.JUnitReportReporter -->
<testsuite hostname="DESKTOP-5KQFPQD" failures="0" tests="10" name="testcases.ProductTests" time="17.640" errors="0" timestamp="2025-05-19T00:01:57 IST" skipped="0">
  <testcase classname="testcases.ProductTests" name="testGetAllProducts" time="5.599"/>
  <testcase classname="testcases.ProductTests" name="testGetSingleProductById" time="1.479"/>
  <testcase classname="testcases.ProductTests" name="testGetLimitedProduct" time="0.877"/>
  <testcase classname="testcases.ProductTests" name="testGetSortedProducts" time="1.474"/>
  <testcase classname="testcases.ProductTests" name="testGetSortedProductsAsc" time="1.512"/>
  <testcase classname="testcases.ProductTests" name="testGetAllCategories" time="0.772"/>
  <testcase classname="testcases.ProductTests" name="testGetProductByCategory" time="1.445"/>
  <testcase classname="testcases.ProductTests" name="testAddNewProduct" time="1.958"/>
  <testcase classname="testcases.ProductTests" name="testUpdateProduct" time="1.184"/>
  <testcase classname="testcases.ProductTests" name="testDeleteProduct" time="1.340"/>
</testsuite> <!-- testcases.ProductTests -->
