<?xml version="1.0" encoding="UTF-8"?>
<!-- Generated by org.testng.reporters.JUnitReportReporter -->
<testsuite hostname="TDLPHP473" failures="0" tests="10" name="testcases.ProductTests" time="11.670" errors="0" timestamp="2025-05-18T23:35:56 IST" skipped="0">
  <testcase classname="testcases.ProductTests" name="testGetAllProducts" time="2.552"/>
  <testcase classname="testcases.ProductTests" name="testGetSingleProductById" time="1.012"/>
  <testcase classname="testcases.ProductTests" name="testGetLimitedProduct" time="1.000"/>
  <testcase classname="testcases.ProductTests" name="testGetSortedProducts" time="0.860"/>
  <testcase classname="testcases.ProductTests" name="testGetSortedProductsAsc" time="1.111"/>
  <testcase classname="testcases.ProductTests" name="testGetAllCategories" time="0.984"/>
  <testcase classname="testcases.ProductTests" name="testGetProductByCategory" time="0.891"/>
  <testcase classname="testcases.ProductTests" name="testAddNewProduct" time="1.226"/>
  <testcase classname="testcases.ProductTests" name="testUpdateProduct" time="0.967"/>
  <testcase classname="testcases.ProductTests" name="testDeleteProduct" time="1.067"/>
</testsuite> <!-- testcases.ProductTests -->
