<?xml version="1.0" encoding="UTF-8"?>
<!-- Generated by org.testng.reporters.JUnitReportReporter -->
<testsuite hostname="DESKTOP-5KQFPQD" failures="0" tests="2" name="testcases.ProductDataDrivenTest" time="3.938" errors="0" timestamp="2025-05-19T00:01:57 IST" skipped="0">
  <testcase classname="testcases.ProductDataDrivenTest" name="testAddNewProduct" time="1.699"/>
  <testcase classname="testcases.ProductDataDrivenTest" name="testAddNewProduct" time="2.239"/>
</testsuite> <!-- testcases.ProductDataDrivenTest -->
