<?xml version="1.0" encoding="UTF-8"?>
<!-- Generated by org.testng.reporters.JUnitReportReporter -->
<testsuite hostname="DESKTOP-5KQFPQD" failures="0" tests="10" name="testcases.ProductTests" time="14.231" errors="0" timestamp="2025-04-27T22:57:14 IST" skipped="0">
  <testcase classname="testcases.ProductTests" name="testGetAllProducts" time="5.046"/>
  <testcase classname="testcases.ProductTests" name="testGetSingleProductById" time="0.946"/>
  <testcase classname="testcases.ProductTests" name="testGetLimitedProduct" time="0.930"/>
  <testcase classname="testcases.ProductTests" name="testGetSortedProducts" time="0.917"/>
  <testcase classname="testcases.ProductTests" name="testGetSortedProductsAsc" time="0.870"/>
  <testcase classname="testcases.ProductTests" name="testGetAllCategories" time="0.856"/>
  <testcase classname="testcases.ProductTests" name="testGetProductByCategory" time="1.048"/>
  <testcase classname="testcases.ProductTests" name="testAddNewProduct" time="1.848"/>
  <testcase classname="testcases.ProductTests" name="testUpdateProduct" time="0.844"/>
  <testcase classname="testcases.ProductTests" name="testDeleteProduct" time="0.926"/>
</testsuite> <!-- testcases.ProductTests -->
