<?xml version="1.0" encoding="UTF-8"?>
<!-- Generated by org.testng.reporters.JUnitReportReporter -->
<testsuite hostname="TDLPHP473" failures="0" tests="2" name="testcases.ProductDataDrivenTest" time="4.139" errors="0" timestamp="2025-05-18T23:35:56 IST" skipped="0">
  <testcase classname="testcases.ProductDataDrivenTest" name="testAddNewProduct" time="2.092"/>
  <testcase classname="testcases.ProductDataDrivenTest" name="testAddNewProduct" time="2.047"/>
</testsuite> <!-- testcases.ProductDataDrivenTest -->
