<?xml version="1.0" encoding="UTF-8"?>
<!-- Generated by org.testng.reporters.JUnitReportReporter -->
<testsuite hostname="TDLPHP473" failures="0" tests="2" name="testcases.LoginTest" time="3.308" errors="0" timestamp="2025-04-20T00:17:27 IST" skipped="0">
  <testcase classname="testcases.LoginTest" name="testInvalidUserLogin" time="2.231"/>
  <testcase classname="testcases.LoginTest" name="testValidUserLogin" time="1.077"/>
</testsuite> <!-- testcases.LoginTest -->
